<?xml version="1.0" encoding="UTF-8"?>
<!-- Generated by org.testng.reporters.JUnitReportReporter -->
<testsuite hostname="DESKTOP-C8F8NRE" failures="0" tests="2" name="TestScript.ATaProvir" time="33.525" errors="0" timestamp="2023-10-25T09:42:24 IST" skipped="0">
  <testcase classname="TestScript.ATaProvir" name="browserTest" time="18.251"/>
  <testcase classname="TestScript.ATaProvir" name="browserTest" time="15.274"/>
</testsuite> <!-- TestScript.ATaProvir -->
